<?xml version="1.0" encoding="UTF-8"?>
<!-- Generated by org.testng.reporters.JUnitReportReporter -->
<testsuite skipped="0" hostname="Abhiram-LT" name="com.tests.SampleTest" tests="2" failures="0" timestamp="2020-10-05T23:40:09 IST" time="22.883" errors="0">
  <testcase name="TestLogin" time="14.273" classname="com.tests.SampleTest"/>
  <system-out/>
  <testcase name="TestTitle" time="8.610" classname="com.tests.SampleTest"/>
  <system-out/>
</testsuite> <!-- com.tests.SampleTest -->
