<?xml version="1.0" encoding="UTF-8"?>
<!-- Generated by org.testng.reporters.JUnitReportReporter -->
<testsuite hostname="Abhiram-PC" name="com.test1.tests.MyAccountPageTests" tests="1" failures="0" timestamp="7 Apr 2018 18:22:12 GMT" time="8.656" errors="0">
  <testcase name="testSuccessfulLogin" time="8.656" classname="com.test1.tests.MyAccountPageTests"/>
</testsuite> <!-- com.test1.tests.MyAccountPageTests -->
